<?xml version="1.0" encoding="UTF-8"?>
<!-- Generated by org.testng.reporters.JUnitReportReporter -->
<testsuite hostname="DESKTOP-KDHLI5B" failures="0" tests="1" name="TestNG.DatePickerBonigarcia_Test" time="7.128" errors="0" timestamp="2020-06-22T07:37:08 EDT" skipped="0">
  <testcase classname="TestNG.DatePickerBonigarcia_Test" name="selectDateTest" time="7.128"/>
  <system-out/>
</testsuite> <!-- TestNG.DatePickerBonigarcia_Test -->
